<?xml version="1.0" encoding="UTF-8"?>
<!-- Generated by org.testng.reporters.JUnitReportReporter -->
<testsuite hostname="Tyss-Sandeep" failures="0" tests="6" name="Frame_Work.Script_02" time="0.031" errors="0" timestamp="2024-08-27T15:43:14 IST" skipped="0">
  <testcase classname="Frame_Work.Script_02" name="Sample" time="0.004">
    <system-out>
      <![CDATA[Hi]]>
    </system-out>
  </testcase> <!-- Sample -->
  <testcase classname="Frame_Work.Script_02" name="Sample" time="0.015">
    <system-out>
      <![CDATA[Hi]]>
    </system-out>
  </testcase> <!-- Sample -->
  <testcase classname="Frame_Work.Script_02" name="Demo" time="0.003">
    <system-out>
      <![CDATA[Hello]]>
    </system-out>
  </testcase> <!-- Demo -->
  <testcase classname="Frame_Work.Script_02" name="Demo" time="0.003">
    <system-out>
      <![CDATA[Hello]]>
    </system-out>
  </testcase> <!-- Demo -->
  <testcase classname="Frame_Work.Script_02" name="Demo" time="0.003">
    <system-out>
      <![CDATA[Hello]]>
    </system-out>
  </testcase> <!-- Demo -->
  <testcase classname="Frame_Work.Script_02" name="Demo" time="0.003">
    <system-out>
      <![CDATA[Hello]]>
    </system-out>
  </testcase> <!-- Demo -->
  <system-out>
    <![CDATA[Hi
Hi
Hello
Hello
Hello
Hello]]>
  </system-out>
</testsuite> <!-- Frame_Work.Script_02 -->
