<?xml version="1.0" encoding="UTF-8"?>
<!-- Generated by org.testng.reporters.JUnitReportReporter -->
<testsuite hostname="Tyss-Sandeep" failures="0" tests="3" name="Groups.Smok_Fe" time="0.007" errors="0" timestamp="2024-06-17T13:00:31 IST" skipped="0">
  <testcase classname="Groups.Smok_Fe" name="smokeTC1" time="0.001"/>
  <testcase classname="Groups.Smok_Fe" name="FTTC1" time="0.005"/>
  <testcase classname="Groups.Smok_Fe" name="smokeTC2" time="0.001"/>
</testsuite> <!-- Groups.Smok_Fe -->
