<?xml version="1.0" encoding="UTF-8"?>
<!-- Generated by org.testng.reporters.JUnitReportReporter -->
<testsuite hostname="Tyss-Sandeep" failures="0" tests="1" name="Frame_Work.Script01" time="0.005" errors="0" timestamp="2024-05-20T18:26:28 IST" skipped="0">
  <testcase classname="Frame_Work.Script01" name="sample1" time="0.005">
    <system-out>
      <![CDATA[Byeee]]>
    </system-out>
  </testcase> <!-- sample1 -->
  <system-out>
    <![CDATA[Byeee]]>
  </system-out>
</testsuite> <!-- Frame_Work.Script01 -->
