<?xml version="1.0" encoding="UTF-8"?>
<!-- Generated by org.testng.reporters.JUnitReportReporter -->
<testsuite hostname="Tyss-Sandeep" failures="0" tests="3" name="Frame_Work1.Script_03" time="0.017" errors="0" timestamp="2024-03-17T12:22:49 IST" skipped="1">
  <testcase classname="Frame_Work1.Script_03" name="sample2" time="0.014">
    <system-out>
      <![CDATA[I will be doing it as soon]]>
    </system-out>
  </testcase> <!-- sample2 -->
  <testcase classname="Frame_Work1.Script_03" name="sample2" time="0.003">
    <system-out>
      <![CDATA[I will be doing it as soon]]>
    </system-out>
  </testcase> <!-- sample2 -->
  <testcase classname="Frame_Work1.Script_03" name="sample1">
    <skipped/>
  </testcase> <!-- sample1 -->
  <system-out>
    <![CDATA[I will be doing it as soon
I will be doing it as soon]]>
  </system-out>
</testsuite> <!-- Frame_Work1.Script_03 -->
