<?xml version="1.0" encoding="UTF-8"?>
<!-- Generated by org.testng.reporters.JUnitReportReporter -->
<testsuite hostname="Tyss-Sandeep" failures="0" tests="3" name="Dataprovider_Frame.Runner" time="14.398" errors="0" timestamp="2024-04-06T20:56:54 IST" skipped="0">
  <testcase classname="Dataprovider_Frame.Runner" name="testcase" time="3.847"/>
  <testcase classname="Dataprovider_Frame.Runner" name="testcase" time="4.633"/>
  <testcase classname="Dataprovider_Frame.Runner" name="testcase" time="5.918"/>
</testsuite> <!-- Dataprovider_Frame.Runner -->
