<?xml version="1.0" encoding="UTF-8"?>
<!-- Generated by org.testng.reporters.JUnitReportReporter -->
<testsuite hostname="Tyss-Sandeep" failures="0" tests="2" name="Parallel_Run.Execution" time="0.034" errors="0" timestamp="2024-03-30T10:58:42 IST" skipped="0">
  <testcase classname="Parallel_Run.Execution" name="Example" time="0.017"/>
  <testcase classname="Parallel_Run.Execution" name="Example" time="0.017"/>
</testsuite> <!-- Parallel_Run.Execution -->
