<?xml version="1.0" encoding="UTF-8"?>
<!-- Generated by org.testng.reporters.JUnitReportReporter -->
<testsuite hostname="Tyss-Sandeep" failures="0" tests="1" name="Frame_work4.Runner_C" time="7.241" errors="0" timestamp="2024-06-01T23:14:45 IST" skipped="0">
  <testcase classname="Frame_work4.Runner_C" name="testcae" time="7.241"/>
</testsuite> <!-- Frame_work4.Runner_C -->
