<?xml version="1.0" encoding="UTF-8"?>
<!-- Generated by org.testng.reporters.JUnitReportReporter -->
<testsuite hostname="Tyss-Sandeep" failures="0" tests="1" name="Frame_work4.Runner_C" time="3.275" errors="0" timestamp="2024-03-31T12:39:34 IST" skipped="0">
  <testcase classname="Frame_work4.Runner_C" name="testcae" time="3.275"/>
</testsuite> <!-- Frame_work4.Runner_C -->
